Detected memory leaks!
Dumping objects ->
{292958} normal block at 0x00810048, 16 bytes long.
 Data: <8 {   ~ X {   ~ > 38 E2 7B 00 00 A5 7E 00 58 E3 7B 00 80 A5 7E 00 
{8801} normal block at 0x007BF990, 4 bytes long.
 Data: <H   > 48 00 81 00 
{1488} normal block at 0x007BF8D0, 4 bytes long.
 Data: <  ~ > 00 A6 7E 00 
{1486} normal block at 0x007E6FD8, 32 bytes long.
 Data: <          ;   ~ > 00 00 00 00 CD CD CD CD ED DC 3B 00 10 A1 7E 00 
{1485} normal block at 0x007E6EE8, 32 bytes long.
 Data: <        < <   ~ > 00 00 00 00 CD CD CD CD 3C 01 3C 00 10 A1 7E 00 
{1484} normal block at 0x007E70C8, 32 bytes long.
 Data: < n~  o~         > E8 6E 7E 00 D8 6F 7E 00 00 00 00 00 00 00 00 00 
{1483} normal block at 0x007EA5C0, 16 bytes long.
 Data: <  J           { > 04 ED 4A 00 01 00 00 00 01 00 00 00 A0 F8 7B 00 
{1481} normal block at 0x007BF8A0, 4 bytes long.
 Data: <P _ > 50 1A 5F 00 
{1480} normal block at 0x007EA580, 16 bytes long.
 Data: <  J         X { > CC EC 4A 00 02 00 00 00 02 00 00 00 58 E3 7B 00 
{1479} normal block at 0x007BE358, 24 bytes long.
 Data: <X {   ~   ~   ~ > 58 E3 7B 00 80 A5 7E 00 D0 A3 7E 00 A8 A4 7E 00 
{1478} normal block at 0x007EA540, 16 bytes long.
 Data: <  J         p { > 04 ED 4A 00 01 00 00 00 01 00 00 00 70 F8 7B 00 
{1476} normal block at 0x007BF870, 4 bytes long.
 Data: <0 _ > 30 02 5F 00 
{1475} normal block at 0x007EA500, 16 bytes long.
 Data: <  J         8 { > CC EC 4A 00 02 00 00 00 02 00 00 00 38 E2 7B 00 
{1474} normal block at 0x007BE238, 24 bytes long.
 Data: <8 {   ~   ~   ~ > 38 E2 7B 00 00 A5 7E 00 D0 A3 7E 00 A8 A4 7E 00 
{1472} normal block at 0x007EA4A8, 16 bytes long.
 Data: <  J           ~ > 9C EC 4A 00 02 00 00 00 02 00 00 00 D0 A3 7E 00 
{1471} normal block at 0x007BF840, 4 bytes long.
 Data: <  ~ > D0 A3 7E 00 
{1470} normal block at 0x007E86C8, 8 bytes long.
 Data: <` ~     > 60 A4 7E 00 00 00 00 00 
{1469} normal block at 0x007E8690, 8 bytes long.
 Data: <8 ~     > 38 A4 7E 00 00 00 00 00 
{1468} normal block at 0x007E8658, 8 bytes long.
 Data: <  ~     > 04 A4 7E 00 00 00 00 00 
{1467} normal block at 0x007E8620, 8 bytes long.
 Data: <  ~     > E4 A3 7E 00 00 00 00 00 
{1466} normal block at 0x007EA3D0, 168 bytes long.
 Data: <  ~   ~         > D0 A3 7E 00 A8 A4 7E 00 00 00 00 00 00 00 00 00 
Object dump complete.
